<?xml version="1.0" encoding="UTF-8"?>
<!-- Generated by org.testng.reporters.JUnitXMLReporter -->
<testsuite ignored="2" hostname="DESKTOP-74NILR9" failures="0" tests="2" name="GroupTest" time="0.1" errors="0" timestamp="2026-02-19T14:41:08 IST">
  <testcase classname="TestNGDemo.TestNG_Groups_Demo" name="loginTest" time="0.016"/>
  <testcase classname="TestNGDemo.TestNG_Groups_Demo" name="logoutTest" time="0.002"/>
  <testcase classname="TestNGDemo.TestNG_Groups_Demo" name="profileUpdateTest" time="0.0">
    <ignored/>
  </testcase> <!-- profileUpdateTest -->
  <testcase classname="TestNGDemo.TestNG_Groups_Demo" name="paymentTest" time="0.0">
    <ignored/>
  </testcase> <!-- paymentTest -->
</testsuite> <!-- GroupTest -->
