<?xml version="1.0" encoding="UTF-8"?>
<!-- Generated by org.testng.reporters.JUnitXMLReporter -->
<testsuite ignored="0" hostname="DESKTOP-74NILR9" failures="0" tests="10" name="Test" time="0.266" errors="0" timestamp="2026-02-19T14:45:18 IST">
  <testcase classname="TestNGDemo.B_CrossBrowserTesting" name="@BeforeMethod getBrowser" time="-1.771492518581E9">
    <failure type="org.testng.TestNGException" message="
Parameter &amp;apos;browser&amp;apos; is required by BeforeMethod on method getBrowser but has not been marked @Optional or defined
in C:\Users\LENOVO\git\AllCodesThisWayPlease2\testng.xml">
      <![CDATA[org.testng.TestNGException: 
Parameter 'browser' is required by BeforeMethod on method getBrowser but has not been marked @Optional or defined
in C:\Users\LENOVO\git\AllCodesThisWayPlease2\testng.xml
at java.base/java.util.ArrayList.forEach(ArrayList.java:1596)
... Removed 28 stack frames]]>
    </failure>
  </testcase> <!-- @BeforeMethod getBrowser -->
  <testcase classname="TestNGDemo.B_CrossBrowserTesting" name="@AfterMethod closeDriver" time="0.0">
    <skipped/>
  </testcase> <!-- @AfterMethod closeDriver -->
  <testcase classname="TestNGDemo.A_Testng" name="mymethodOne" time="0.016"/>
  <testcase classname="TestNGDemo.A_Testng" name="mymethodThird" time="0.006"/>
  <testcase classname="TestNGDemo.A_Testng" name="mymethodTwo" time="0.005"/>
  <testcase classname="TestNGDemo.TestNG_Lifecycle_Demo" name="A" time="0.004"/>
  <testcase classname="TestNGDemo.TestNG_Lifecycle_Demo" name="B" time="0.008"/>
  <testcase classname="TestNGDemo.TestNG_Groups_Demo" name="loginTest" time="0.002"/>
  <testcase classname="TestNGDemo.TestNG_Groups_Demo" name="logoutTest" time="0.006"/>
  <testcase classname="TestNGDemo.TestNG_Groups_Demo" name="paymentTest" time="0.003"/>
  <testcase classname="TestNGDemo.TestNG_Groups_Demo" name="profileUpdateTest" time="0.005"/>
  <testcase classname="TestNGDemo.B_CrossBrowserTesting" name="Test1" time="0.0">
    <skipped/>
  </testcase> <!-- Test1 -->
</testsuite> <!-- Test -->
