<?xml version="1.0" encoding="UTF-8"?>
<testng-results ignored="0" total="10" passed="9" failed="0" skipped="1">
  <reporter-output>
  </reporter-output>
  <suite started-at="2026-02-19T14:45:18 IST" name="Suite" finished-at="2026-02-19T14:45:18 IST" duration-ms="266">
    <groups>
      <group name="regression">
        <method signature="TestNG_Groups_Demo.paymentTest()[pri:0, instance:TestNGDemo.TestNG_Groups_Demo@fa4c865]" name="paymentTest" class="TestNGDemo.TestNG_Groups_Demo"/>
        <method signature="TestNG_Groups_Demo.profileUpdateTest()[pri:0, instance:TestNGDemo.TestNG_Groups_Demo@fa4c865]" name="profileUpdateTest" class="TestNGDemo.TestNG_Groups_Demo"/>
      </group> <!-- regression -->
      <group name="smoke">
        <method signature="TestNG_Groups_Demo.loginTest()[pri:0, instance:TestNGDemo.TestNG_Groups_Demo@fa4c865]" name="loginTest" class="TestNGDemo.TestNG_Groups_Demo"/>
        <method signature="TestNG_Groups_Demo.logoutTest()[pri:0, instance:TestNGDemo.TestNG_Groups_Demo@fa4c865]" name="logoutTest" class="TestNGDemo.TestNG_Groups_Demo"/>
      </group> <!-- smoke -->
      <group name="sanity">
        <method signature="TestNG_Groups_Demo.profileUpdateTest()[pri:0, instance:TestNGDemo.TestNG_Groups_Demo@fa4c865]" name="profileUpdateTest" class="TestNGDemo.TestNG_Groups_Demo"/>
      </group> <!-- sanity -->
    </groups>
    <test started-at="2026-02-19T14:45:18 IST" name="Test" finished-at="2026-02-19T14:45:18 IST" duration-ms="266">
      <class name="TestNGDemo.TestNG_Groups_Demo">
        <test-method signature="loginTest()[pri:0, instance:TestNGDemo.TestNG_Groups_Demo@fa4c865]" started-at="2026-02-19T14:45:18 IST" name="loginTest" finished-at="2026-02-19T14:45:18 IST" duration-ms="2" status="PASS">
          <reporter-output>
          </reporter-output>
        </test-method> <!-- loginTest -->
        <test-method signature="logoutTest()[pri:0, instance:TestNGDemo.TestNG_Groups_Demo@fa4c865]" started-at="2026-02-19T14:45:18 IST" name="logoutTest" finished-at="2026-02-19T14:45:18 IST" duration-ms="6" status="PASS">
          <reporter-output>
          </reporter-output>
        </test-method> <!-- logoutTest -->
        <test-method signature="paymentTest()[pri:0, instance:TestNGDemo.TestNG_Groups_Demo@fa4c865]" started-at="2026-02-19T14:45:18 IST" name="paymentTest" finished-at="2026-02-19T14:45:18 IST" duration-ms="3" status="PASS">
          <reporter-output>
          </reporter-output>
        </test-method> <!-- paymentTest -->
        <test-method signature="profileUpdateTest()[pri:0, instance:TestNGDemo.TestNG_Groups_Demo@fa4c865]" started-at="2026-02-19T14:45:18 IST" name="profileUpdateTest" finished-at="2026-02-19T14:45:18 IST" duration-ms="5" status="PASS">
          <reporter-output>
          </reporter-output>
        </test-method> <!-- profileUpdateTest -->
      </class> <!-- TestNGDemo.TestNG_Groups_Demo -->
      <class name="TestNGDemo.A_Testng">
        <test-method is-config="true" signature="methodBefore()[pri:0, instance:TestNGDemo.A_Testng@279fedbd]" started-at="2026-02-19T14:45:18 IST" name="methodBefore" finished-at="2026-02-19T14:45:18 IST" duration-ms="3" status="PASS">
          <reporter-output>
          </reporter-output>
        </test-method> <!-- methodBefore -->
        <test-method is-config="true" signature="classBefore()[pri:0, instance:TestNGDemo.A_Testng@279fedbd]" started-at="2026-02-19T14:45:18 IST" name="classBefore" finished-at="2026-02-19T14:45:18 IST" duration-ms="1" status="PASS">
          <reporter-output>
          </reporter-output>
        </test-method> <!-- classBefore -->
        <test-method signature="mymethodOne()[pri:0, instance:TestNGDemo.A_Testng@279fedbd]" started-at="2026-02-19T14:45:18 IST" name="mymethodOne" finished-at="2026-02-19T14:45:18 IST" duration-ms="16" status="PASS">
          <reporter-output>
          </reporter-output>
        </test-method> <!-- mymethodOne -->
        <test-method signature="mymethodThird()[pri:1, instance:TestNGDemo.A_Testng@279fedbd]" started-at="2026-02-19T14:45:18 IST" name="mymethodThird" finished-at="2026-02-19T14:45:18 IST" duration-ms="6" status="PASS">
          <reporter-output>
          </reporter-output>
        </test-method> <!-- mymethodThird -->
        <test-method signature="mymethodTwo()[pri:2, instance:TestNGDemo.A_Testng@279fedbd]" started-at="2026-02-19T14:45:18 IST" name="mymethodTwo" finished-at="2026-02-19T14:45:18 IST" duration-ms="5" status="PASS">
          <reporter-output>
          </reporter-output>
        </test-method> <!-- mymethodTwo -->
        <test-method is-config="true" signature="classafter()[pri:0, instance:TestNGDemo.A_Testng@279fedbd]" started-at="2026-02-19T14:45:18 IST" name="classafter" finished-at="2026-02-19T14:45:18 IST" duration-ms="2" status="PASS">
          <reporter-output>
          </reporter-output>
        </test-method> <!-- classafter -->
        <test-method is-config="true" signature="methodafter()[pri:0, instance:TestNGDemo.A_Testng@279fedbd]" started-at="2026-02-19T14:45:18 IST" name="methodafter" finished-at="2026-02-19T14:45:18 IST" duration-ms="1" status="PASS">
          <reporter-output>
          </reporter-output>
        </test-method> <!-- methodafter -->
      </class> <!-- TestNGDemo.A_Testng -->
      <class name="TestNGDemo.TestNG_Lifecycle_Demo">
        <test-method is-config="true" signature="beforeSuite()[pri:0, instance:TestNGDemo.TestNG_Lifecycle_Demo@4c178a76]" started-at="2026-02-19T14:45:18 IST" name="beforeSuite" finished-at="2026-02-19T14:45:18 IST" duration-ms="17" status="PASS">
          <reporter-output>
          </reporter-output>
        </test-method> <!-- beforeSuite -->
        <test-method is-config="true" signature="beforeTest()[pri:0, instance:TestNGDemo.TestNG_Lifecycle_Demo@4c178a76]" started-at="2026-02-19T14:45:18 IST" name="beforeTest" finished-at="2026-02-19T14:45:18 IST" duration-ms="3" status="PASS">
          <reporter-output>
          </reporter-output>
        </test-method> <!-- beforeTest -->
        <test-method is-config="true" signature="beforeClass()[pri:0, instance:TestNGDemo.TestNG_Lifecycle_Demo@4c178a76]" started-at="2026-02-19T14:45:18 IST" name="beforeClass" finished-at="2026-02-19T14:45:18 IST" duration-ms="1" status="PASS">
          <reporter-output>
          </reporter-output>
        </test-method> <!-- beforeClass -->
        <test-method is-config="true" signature="beforeMethod()[pri:0, instance:TestNGDemo.TestNG_Lifecycle_Demo@4c178a76]" started-at="2026-02-19T14:45:18 IST" name="beforeMethod" finished-at="2026-02-19T14:45:18 IST" duration-ms="1" status="PASS">
          <reporter-output>
          </reporter-output>
        </test-method> <!-- beforeMethod -->
        <test-method signature="A()[pri:0, instance:TestNGDemo.TestNG_Lifecycle_Demo@4c178a76]" started-at="2026-02-19T14:45:18 IST" name="A" finished-at="2026-02-19T14:45:18 IST" duration-ms="4" status="PASS">
          <reporter-output>
          </reporter-output>
        </test-method> <!-- A -->
        <test-method is-config="true" signature="afterMethod()[pri:0, instance:TestNGDemo.TestNG_Lifecycle_Demo@4c178a76]" started-at="2026-02-19T14:45:18 IST" name="afterMethod" finished-at="2026-02-19T14:45:18 IST" duration-ms="9" status="PASS">
          <reporter-output>
          </reporter-output>
        </test-method> <!-- afterMethod -->
        <test-method is-config="true" signature="beforeMethod()[pri:0, instance:TestNGDemo.TestNG_Lifecycle_Demo@4c178a76]" started-at="2026-02-19T14:45:18 IST" name="beforeMethod" finished-at="2026-02-19T14:45:18 IST" duration-ms="1" status="PASS">
          <reporter-output>
          </reporter-output>
        </test-method> <!-- beforeMethod -->
        <test-method signature="B()[pri:0, instance:TestNGDemo.TestNG_Lifecycle_Demo@4c178a76]" started-at="2026-02-19T14:45:18 IST" name="B" finished-at="2026-02-19T14:45:18 IST" duration-ms="8" status="PASS">
          <reporter-output>
          </reporter-output>
        </test-method> <!-- B -->
        <test-method is-config="true" signature="afterMethod()[pri:0, instance:TestNGDemo.TestNG_Lifecycle_Demo@4c178a76]" started-at="2026-02-19T14:45:18 IST" name="afterMethod" finished-at="2026-02-19T14:45:18 IST" duration-ms="3" status="PASS">
          <reporter-output>
          </reporter-output>
        </test-method> <!-- afterMethod -->
        <test-method is-config="true" signature="afterClass()[pri:0, instance:TestNGDemo.TestNG_Lifecycle_Demo@4c178a76]" started-at="2026-02-19T14:45:18 IST" name="afterClass" finished-at="2026-02-19T14:45:18 IST" duration-ms="2" status="PASS">
          <reporter-output>
          </reporter-output>
        </test-method> <!-- afterClass -->
        <test-method is-config="true" signature="afterTest()[pri:0, instance:TestNGDemo.TestNG_Lifecycle_Demo@4c178a76]" started-at="2026-02-19T14:45:18 IST" name="afterTest" finished-at="2026-02-19T14:45:18 IST" duration-ms="3" status="PASS">
          <reporter-output>
          </reporter-output>
        </test-method> <!-- afterTest -->
        <test-method is-config="true" signature="afterSuite()[pri:0, instance:TestNGDemo.TestNG_Lifecycle_Demo@4c178a76]" started-at="2026-02-19T14:45:18 IST" name="afterSuite" finished-at="2026-02-19T14:45:18 IST" duration-ms="1" status="PASS">
          <reporter-output>
          </reporter-output>
        </test-method> <!-- afterSuite -->
      </class> <!-- TestNGDemo.TestNG_Lifecycle_Demo -->
      <class name="TestNGDemo.B_CrossBrowserTesting">
        <test-method is-config="true" signature="getBrowser(java.lang.String)[pri:0, instance:TestNGDemo.B_CrossBrowserTesting@3bd82cf5]" started-at="2026-02-19T14:45:18 IST" name="getBrowser" finished-at="1970-01-01T05:30:00 IST" duration-ms="-1771492518581" status="FAIL">
          <exception class="org.testng.TestNGException">
            <message>
              <![CDATA[
Parameter 'browser' is required by BeforeMethod on method getBrowser but has not been marked @Optional or defined
in C:\Users\LENOVO\git\AllCodesThisWayPlease2\testng.xml]]>
            </message>
            <full-stacktrace>
              <![CDATA[org.testng.TestNGException: 
Parameter 'browser' is required by BeforeMethod on method getBrowser but has not been marked @Optional or defined
in C:\Users\LENOVO\git\AllCodesThisWayPlease2\testng.xml
at org.testng.internal.Parameters.createParams(Parameters.java:267)
at org.testng.internal.Parameters.createParametersForMethod(Parameters.java:355)
at org.testng.internal.Parameters.createParameters(Parameters.java:693)
at org.testng.internal.Parameters.createConfigurationParameters(Parameters.java:166)
at org.testng.internal.invokers.ConfigInvoker.invokeConfigurations(ConfigInvoker.java:306)
at org.testng.internal.invokers.TestInvoker.runConfigMethods(TestInvoker.java:810)
at org.testng.internal.invokers.TestInvoker.invokeMethod(TestInvoker.java:578)
at org.testng.internal.invokers.TestInvoker.invokeTestMethod(TestInvoker.java:228)
at org.testng.internal.invokers.MethodRunner.runInSequence(MethodRunner.java:63)
at org.testng.internal.invokers.TestInvoker$MethodInvocationAgent.invoke(TestInvoker.java:961)
at org.testng.internal.invokers.TestInvoker.invokeTestMethods(TestInvoker.java:201)
at org.testng.internal.invokers.TestMethodWorker.invokeTestMethods(TestMethodWorker.java:148)
at org.testng.internal.invokers.TestMethodWorker.run(TestMethodWorker.java:128)
at java.base/java.util.ArrayList.forEach(ArrayList.java:1596)
at org.testng.TestRunner.privateRun(TestRunner.java:819)
at org.testng.TestRunner.run(TestRunner.java:619)
at org.testng.SuiteRunner.runTest(SuiteRunner.java:443)
at org.testng.SuiteRunner.runSequentially(SuiteRunner.java:437)
at org.testng.SuiteRunner.privateRun(SuiteRunner.java:397)
at org.testng.SuiteRunner.run(SuiteRunner.java:336)
at org.testng.SuiteRunnerWorker.runSuite(SuiteRunnerWorker.java:52)
at org.testng.SuiteRunnerWorker.run(SuiteRunnerWorker.java:95)
at org.testng.TestNG.runSuitesSequentially(TestNG.java:1301)
at org.testng.TestNG.runSuitesLocally(TestNG.java:1228)
at org.testng.TestNG.runSuites(TestNG.java:1134)
at org.testng.TestNG.run(TestNG.java:1101)
at org.testng.remote.AbstractRemoteTestNG.run(AbstractRemoteTestNG.java:115)
at org.testng.remote.RemoteTestNG.initAndRun(RemoteTestNG.java:293)
at org.testng.remote.RemoteTestNG.main(RemoteTestNG.java:91)
]]>
            </full-stacktrace>
          </exception> <!-- org.testng.TestNGException -->
          <reporter-output>
          </reporter-output>
        </test-method> <!-- getBrowser -->
        <test-method signature="Test1()[pri:0, instance:TestNGDemo.B_CrossBrowserTesting@3bd82cf5]" started-at="2026-02-19T14:45:18 IST" name="Test1" finished-at="2026-02-19T14:45:18 IST" duration-ms="0" status="SKIP">
          <exception class="org.testng.TestNGException">
            <message>
              <![CDATA[
Parameter 'browser' is required by BeforeMethod on method getBrowser but has not been marked @Optional or defined
in C:\Users\LENOVO\git\AllCodesThisWayPlease2\testng.xml]]>
            </message>
            <full-stacktrace>
              <![CDATA[org.testng.TestNGException: 
Parameter 'browser' is required by BeforeMethod on method getBrowser but has not been marked @Optional or defined
in C:\Users\LENOVO\git\AllCodesThisWayPlease2\testng.xml
at org.testng.internal.Parameters.createParams(Parameters.java:267)
at org.testng.internal.Parameters.createParametersForMethod(Parameters.java:355)
at org.testng.internal.Parameters.createParameters(Parameters.java:693)
at org.testng.internal.Parameters.createConfigurationParameters(Parameters.java:166)
at org.testng.internal.invokers.ConfigInvoker.invokeConfigurations(ConfigInvoker.java:306)
at org.testng.internal.invokers.TestInvoker.runConfigMethods(TestInvoker.java:810)
at org.testng.internal.invokers.TestInvoker.invokeMethod(TestInvoker.java:578)
at org.testng.internal.invokers.TestInvoker.invokeTestMethod(TestInvoker.java:228)
at org.testng.internal.invokers.MethodRunner.runInSequence(MethodRunner.java:63)
at org.testng.internal.invokers.TestInvoker$MethodInvocationAgent.invoke(TestInvoker.java:961)
at org.testng.internal.invokers.TestInvoker.invokeTestMethods(TestInvoker.java:201)
at org.testng.internal.invokers.TestMethodWorker.invokeTestMethods(TestMethodWorker.java:148)
at org.testng.internal.invokers.TestMethodWorker.run(TestMethodWorker.java:128)
at java.base/java.util.ArrayList.forEach(ArrayList.java:1596)
at org.testng.TestRunner.privateRun(TestRunner.java:819)
at org.testng.TestRunner.run(TestRunner.java:619)
at org.testng.SuiteRunner.runTest(SuiteRunner.java:443)
at org.testng.SuiteRunner.runSequentially(SuiteRunner.java:437)
at org.testng.SuiteRunner.privateRun(SuiteRunner.java:397)
at org.testng.SuiteRunner.run(SuiteRunner.java:336)
at org.testng.SuiteRunnerWorker.runSuite(SuiteRunnerWorker.java:52)
at org.testng.SuiteRunnerWorker.run(SuiteRunnerWorker.java:95)
at org.testng.TestNG.runSuitesSequentially(TestNG.java:1301)
at org.testng.TestNG.runSuitesLocally(TestNG.java:1228)
at org.testng.TestNG.runSuites(TestNG.java:1134)
at org.testng.TestNG.run(TestNG.java:1101)
at org.testng.remote.AbstractRemoteTestNG.run(AbstractRemoteTestNG.java:115)
at org.testng.remote.RemoteTestNG.initAndRun(RemoteTestNG.java:293)
at org.testng.remote.RemoteTestNG.main(RemoteTestNG.java:91)
]]>
            </full-stacktrace>
          </exception> <!-- org.testng.TestNGException -->
          <reporter-output>
          </reporter-output>
        </test-method> <!-- Test1 -->
        <test-method is-config="true" signature="closeDriver()[pri:0, instance:TestNGDemo.B_CrossBrowserTesting@3bd82cf5]" started-at="2026-02-19T14:45:18 IST" name="closeDriver" finished-at="2026-02-19T14:45:18 IST" duration-ms="0" status="SKIP">
          <reporter-output>
          </reporter-output>
        </test-method> <!-- closeDriver -->
      </class> <!-- TestNGDemo.B_CrossBrowserTesting -->
    </test> <!-- Test -->
  </suite> <!-- Suite -->
</testng-results>
