<?xml version="1.0" encoding="UTF-8"?>
<!-- Generated by org.testng.reporters.JUnitReportReporter -->
<testsuite hostname="DESKTOP-74NILR9" failures="0" tests="3" name="TestNGDemo.A_Testng" time="0.027" errors="0" timestamp="2026-02-19T14:45:19 IST" skipped="0">
  <testcase classname="TestNGDemo.A_Testng" name="mymethodOne" time="0.016"/>
  <testcase classname="TestNGDemo.A_Testng" name="mymethodThird" time="0.006"/>
  <testcase classname="TestNGDemo.A_Testng" name="mymethodTwo" time="0.005"/>
</testsuite> <!-- TestNGDemo.A_Testng -->
