<?xml version="1.0" encoding="UTF-8"?>
<!-- Generated by org.testng.reporters.JUnitReportReporter -->
<testsuite hostname="DESKTOP-74NILR9" failures="0" tests="4" name="TestNGDemo.TestNG_Groups_Demo" time="0.016" errors="0" timestamp="2026-02-19T14:45:19 IST" skipped="0">
  <testcase classname="TestNGDemo.TestNG_Groups_Demo" name="logoutTest" time="0.006"/>
  <testcase classname="TestNGDemo.TestNG_Groups_Demo" name="loginTest" time="0.002"/>
  <testcase classname="TestNGDemo.TestNG_Groups_Demo" name="paymentTest" time="0.003"/>
  <testcase classname="TestNGDemo.TestNG_Groups_Demo" name="profileUpdateTest" time="0.005"/>
</testsuite> <!-- TestNGDemo.TestNG_Groups_Demo -->
